<?xml version="1.0" encoding="UTF-8"?>
<!-- Generated by org.testng.reporters.JUnitReportReporter -->
<testsuite hostname="DELL-C0HKRC2" failures="0" tests="1" name="pruebas.Laboratorio8" time="0.805" errors="0" timestamp="2022-03-21T22:01:13 ART" skipped="0">
  <testcase classname="pruebas.Laboratorio8" name="imprimirValor8" time="0.805"/>
  <system-out/>
</testsuite> <!-- pruebas.Laboratorio8 -->
