<?xml version="1.0" encoding="UTF-8"?>
<!-- Generated by org.testng.reporters.JUnitReportReporter -->
<testsuite hostname="DELL-C0HKRC2" failures="0" tests="3" name="pruebas.LoginTest" time="9.198" errors="0" timestamp="2022-03-14T21:57:46 ART" skipped="0">
  <testcase classname="pruebas.LoginTest" name="buscarPalabra" time="2.429"/>
  <system-out/>
  <testcase classname="pruebas.LoginTest" name="irAContactUs" time="2.106"/>
  <system-out/>
  <testcase classname="pruebas.LoginTest" name="login" time="4.663"/>
  <system-out/>
</testsuite> <!-- pruebas.LoginTest -->
