<?xml version="1.0" encoding="UTF-8"?>
<!-- Generated by org.testng.reporters.JUnitReportReporter -->
<testsuite hostname="DELL-C0HKRC2" failures="0" tests="1" name="pruebas.WebDriverManagerTest" time="7.602" errors="0" timestamp="2022-03-23T21:11:35 ART" skipped="0">
  <testcase classname="pruebas.WebDriverManagerTest" name="WebDriverTest" time="7.602"/>
  <system-out/>
</testsuite> <!-- pruebas.WebDriverManagerTest -->
