<?xml version="1.0" encoding="UTF-8"?>
<!-- Generated by org.testng.reporters.JUnitReportReporter -->
<testsuite hostname="DELL-C0HKRC2" failures="0" tests="1" name="Edit.EducacionIT21Feb2022.Laboratorio4" time="18.940" errors="0" timestamp="2022-03-14T21:40:28 ART" skipped="0">
  <testcase classname="Edit.EducacionIT21Feb2022.Laboratorio4" name="registrarUsuario" time="18.940"/>
  <system-out/>
</testsuite> <!-- Edit.EducacionIT21Feb2022.Laboratorio4 -->
