<?xml version="1.0" encoding="UTF-8"?>
<!-- Generated by org.testng.reporters.JUnitReportReporter -->
<testsuite hostname="DELL-C0HKRC2" failures="0" tests="2" name="Edit.EducacionIT21Feb2022.Laboratorio2" time="28.840" errors="0" timestamp="2022-03-09T20:15:21 ART" skipped="0">
  <testcase classname="Edit.EducacionIT21Feb2022.Laboratorio2" name="buscarPalabraEnFirefox" time="15.267"/>
  <system-out/>
  <testcase classname="Edit.EducacionIT21Feb2022.Laboratorio2" name="buscarPalabraEnChrome" time="13.573"/>
  <system-out/>
</testsuite> <!-- Edit.EducacionIT21Feb2022.Laboratorio2 -->
