<?xml version="1.0" encoding="UTF-8"?>
<!-- Generated by org.testng.reporters.JUnitReportReporter -->
<testsuite hostname="DELL-C0HKRC2" failures="0" tests="1" name="pruebas.Laboratorio9" time="7.981" errors="0" timestamp="2022-03-23T19:27:32 ART" skipped="0">
  <testcase classname="pruebas.Laboratorio9" name="testWebDriverManager" time="7.981"/>
  <system-out/>
</testsuite> <!-- pruebas.Laboratorio9 -->
