<?xml version="1.0" encoding="UTF-8"?>
<!-- Generated by org.testng.reporters.JUnitReportReporter -->
<testsuite hostname="DELL-C0HKRC2" failures="0" tests="1" name="pruebas.AlertTest" time="0.187" errors="0" timestamp="2022-03-23T20:28:34 ART" skipped="0">
  <testcase classname="pruebas.AlertTest" name="alert4" time="0.187"/>
  <system-out/>
</testsuite> <!-- pruebas.AlertTest -->
