<?xml version="1.0" encoding="UTF-8"?>
<!-- Generated by org.testng.reporters.JUnitReportReporter -->
<testsuite hostname="DELL-C0HKRC2" failures="0" tests="2" name="pruebas.LoginCrossBrowsingTest" time="19.335" errors="0" timestamp="2022-03-16T10:54:54 ART" skipped="0">
  <testcase classname="pruebas.LoginCrossBrowsingTest" name="login" time="9.157"/>
  <system-out/>
  <testcase classname="pruebas.LoginCrossBrowsingTest" name="login" time="10.178"/>
  <system-out/>
</testsuite> <!-- pruebas.LoginCrossBrowsingTest -->
