<?xml version="1.0" encoding="UTF-8"?>
<!-- Generated by org.testng.reporters.JUnitReportReporter -->
<testsuite hostname="DELL-C0HKRC2" failures="0" tests="1" name="pruebas.BaseDeDatosTest" time="0.495" errors="0" timestamp="2022-03-23T20:50:53 ART" skipped="0">
  <testcase classname="pruebas.BaseDeDatosTest" name="BDTest" time="0.495"/>
  <system-out/>
</testsuite> <!-- pruebas.BaseDeDatosTest -->
