<?xml version="1.0" encoding="UTF-8"?>
<!-- Generated by org.testng.reporters.JUnitReportReporter -->
<testsuite hostname="DELL-C0HKRC2" failures="0" tests="2" name="pruebas.CrossBrowsingTest" time="12.402" errors="0" timestamp="2022-03-16T21:00:57 ART" skipped="0">
  <testcase classname="pruebas.CrossBrowsingTest" name="login" time="7.923"/>
  <system-out/>
  <testcase classname="pruebas.CrossBrowsingTest" name="login" time="4.479"/>
  <system-out/>
</testsuite> <!-- pruebas.CrossBrowsingTest -->
