<?xml version="1.0" encoding="UTF-8"?>
<!-- Generated by org.testng.reporters.JUnitReportReporter -->
<testsuite hostname="DELL-C0HKRC2" failures="0" tests="1" name="Edit.EducacionIT21Feb2022.AppTest" time="0.005" errors="0" timestamp="2022-03-09T20:15:21 ART" skipped="0">
  <testcase classname="Edit.EducacionIT21Feb2022.AppTest" name="shouldAnswerWithTrue" time="0.005"/>
  <system-out/>
</testsuite> <!-- Edit.EducacionIT21Feb2022.AppTest -->
